<?xml version="1.0" encoding="UTF-8"?>
<!-- Generated by org.testng.reporters.JUnitXMLReporter -->
<testsuite hostname="LAPTOP-LO7MB9TB" ignored="6" name="SmokeTest" tests="3" failures="0" timestamp="2021-03-09T23:25:36 IST" time="45.81" errors="0">
  <testcase name="checkLandingPage" time="4.573" classname="findinghospitals.testcases.Testcases"/>
  <testcase name="checkHospitalPage" time="21.063" classname="findinghospitals.testcases.Testcases"/>
  <testcase name="checkCorporateWellnessPage" time="8.017" classname="findinghospitals.testcases.Testcases"/>
  <testcase name="regression_1" time="0.0" classname="findinghospitals.testcases.Testcases">
    <ignored/>
  </testcase> <!-- regression_1 -->
  <testcase name="printHospitalList" time="0.0" classname="findinghospitals.testcases.Testcases">
    <ignored/>
  </testcase> <!-- printHospitalList -->
  <testcase name="regression_3" time="0.0" classname="findinghospitals.testcases.Testcases">
    <ignored/>
  </testcase> <!-- regression_3 -->
  <testcase name="regression_2" time="0.0" classname="findinghospitals.testcases.Testcases">
    <ignored/>
  </testcase> <!-- regression_2 -->
  <testcase name="fillTheForm" time="0.0" classname="findinghospitals.testcases.Testcases">
    <ignored/>
  </testcase> <!-- fillTheForm -->
  <testcase name="printTopCities" time="0.0" classname="findinghospitals.testcases.Testcases">
    <ignored/>
  </testcase> <!-- printTopCities -->
</testsuite> <!-- SmokeTest -->
