<?xml version="1.0" encoding="UTF-8"?>
<!-- Generated by org.testng.reporters.JUnitXMLReporter -->
<testsuite hostname="LAPTOP-LO7MB9TB" ignored="6" name="AutomationTest" tests="4" failures="0" timestamp="2021-03-09T23:30:19 IST" time="79.03" errors="0">
  <testcase name="printHospitalList" time="19.032" classname="findinghospitals.testcases.Testcases"/>
  <testcase name="printTopCities" time="8.532" classname="findinghospitals.testcases.Testcases"/>
  <testcase name="fillTheForm" time="5.687" classname="findinghospitals.testcases.Testcases">
    <skipped/>
  </testcase> <!-- fillTheForm -->
  <testcase name="fillTheForm" time="11.638" classname="findinghospitals.testcases.Testcases"/>
  <testcase name="checkHospitalPage" time="0.0" classname="findinghospitals.testcases.Testcases">
    <ignored/>
  </testcase> <!-- checkHospitalPage -->
  <testcase name="regression_1" time="0.0" classname="findinghospitals.testcases.Testcases">
    <ignored/>
  </testcase> <!-- regression_1 -->
  <testcase name="checkCorporateWellnessPage" time="0.0" classname="findinghospitals.testcases.Testcases">
    <ignored/>
  </testcase> <!-- checkCorporateWellnessPage -->
  <testcase name="regression_3" time="0.0" classname="findinghospitals.testcases.Testcases">
    <ignored/>
  </testcase> <!-- regression_3 -->
  <testcase name="regression_2" time="0.0" classname="findinghospitals.testcases.Testcases">
    <ignored/>
  </testcase> <!-- regression_2 -->
  <testcase name="checkLandingPage" time="0.0" classname="findinghospitals.testcases.Testcases">
    <ignored/>
  </testcase> <!-- checkLandingPage -->
</testsuite> <!-- AutomationTest -->
