<?xml version="1.0" encoding="UTF-8"?>
<!-- Generated by org.testng.reporters.JUnitXMLReporter -->
<testsuite hostname="LAPTOP-LO7MB9TB" ignored="6" name="AutomationTest" tests="3" failures="0" timestamp="2021-03-09T23:18:46 IST" time="78.72" errors="0">
  <testcase name="printHospitalList" time="41.128" classname="findinghospitals.testcases.Testcases"/>
  <testcase name="printTopCities" time="15.863" classname="findinghospitals.testcases.Testcases"/>
  <testcase name="fillTheForm" time="12.832" classname="findinghospitals.testcases.Testcases"/>
  <testcase name="checkHospitalPage" time="0.0" classname="findinghospitals.testcases.Testcases">
    <ignored/>
  </testcase> <!-- checkHospitalPage -->
  <testcase name="regression_1" time="0.0" classname="findinghospitals.testcases.Testcases">
    <ignored/>
  </testcase> <!-- regression_1 -->
  <testcase name="checkCorporateWellnessPage" time="0.0" classname="findinghospitals.testcases.Testcases">
    <ignored/>
  </testcase> <!-- checkCorporateWellnessPage -->
  <testcase name="regression_3" time="0.0" classname="findinghospitals.testcases.Testcases">
    <ignored/>
  </testcase> <!-- regression_3 -->
  <testcase name="checkLandingPage" time="0.0" classname="findinghospitals.testcases.Testcases">
    <ignored/>
  </testcase> <!-- checkLandingPage -->
  <testcase name="regression_2" time="0.0" classname="findinghospitals.testcases.Testcases">
    <ignored/>
  </testcase> <!-- regression_2 -->
</testsuite> <!-- AutomationTest -->
