<?xml version="1.0" encoding="UTF-8"?>
<!-- Generated by org.testng.reporters.JUnitXMLReporter -->
<testsuite hostname="LAPTOP-LO7MB9TB" ignored="6" name="RegressionTest" tests="3" failures="0" timestamp="2021-03-09T23:17:27 IST" time="60.05" errors="0">
  <testcase name="regression_1" time="20.296" classname="findinghospitals.testcases.Testcases"/>
  <testcase name="regression_2" time="15.092" classname="findinghospitals.testcases.Testcases"/>
  <testcase name="regression_3" time="11.87" classname="findinghospitals.testcases.Testcases"/>
  <testcase name="checkHospitalPage" time="0.0" classname="findinghospitals.testcases.Testcases">
    <ignored/>
  </testcase> <!-- checkHospitalPage -->
  <testcase name="checkCorporateWellnessPage" time="0.0" classname="findinghospitals.testcases.Testcases">
    <ignored/>
  </testcase> <!-- checkCorporateWellnessPage -->
  <testcase name="printHospitalList" time="0.0" classname="findinghospitals.testcases.Testcases">
    <ignored/>
  </testcase> <!-- printHospitalList -->
  <testcase name="checkLandingPage" time="0.0" classname="findinghospitals.testcases.Testcases">
    <ignored/>
  </testcase> <!-- checkLandingPage -->
  <testcase name="fillTheForm" time="0.0" classname="findinghospitals.testcases.Testcases">
    <ignored/>
  </testcase> <!-- fillTheForm -->
  <testcase name="printTopCities" time="0.0" classname="findinghospitals.testcases.Testcases">
    <ignored/>
  </testcase> <!-- printTopCities -->
</testsuite> <!-- RegressionTest -->
